<?xml version="1.0" encoding="UTF-8"?>
<testng-results skipped="0" failed="0" total="1" passed="1">
  <reporter-output>
  </reporter-output>
  <suite name="Suite" duration-ms="100" started-at="2019-07-17T18:06:25Z" finished-at="2019-07-17T18:06:25Z">
    <groups>
    </groups>
    <test name="Test" duration-ms="100" started-at="2019-07-17T18:06:25Z" finished-at="2019-07-17T18:06:25Z">
      <class name="example.test">
        <test-method status="PASS" signature="before()[pri:0, instance:example.test@20e2cbe0]" name="before" is-config="true" duration-ms="12" started-at="2019-07-17T23:36:25Z" finished-at="2019-07-17T23:36:25Z">
          <reporter-output>
          </reporter-output>
        </test-method> <!-- before -->
        <test-method status="PASS" signature="testing()[pri:0, instance:example.test@20e2cbe0]" name="testing" duration-ms="40" started-at="2019-07-17T23:36:25Z" finished-at="2019-07-17T23:36:25Z">
          <reporter-output>
          </reporter-output>
        </test-method> <!-- testing -->
      </class> <!-- example.test -->
    </test> <!-- Test -->
  </suite> <!-- Suite -->
</testng-results>
